29.07.22, 12:21:54.512 Запрос к LC_13_24[CR]:  02 FE 04 00 40 01 02 01 02
29.07.22, 12:21:56.558 Таймаут1 LC_13_24(2047)

29.07.22, 12:21:56.574 Запрос к LC_13_24[CR]:  02 FE 04 00 40 01 02 01 02
29.07.22, 12:21:58.636 Таймаут2 LC_13_24(2062)

29.07.22, 12:21:58.699 Запрос к LC_13_24[CR]:  02 FE 04 00 40 01 02 01 02
29.07.22, 12:22:00.746 Таймаут3 LC_13_24(2046)

29.07.22, 12:22:00.761 Запрос к LC_14_20[CR]:  02 FE 04 00 40 01 02 01 04
29.07.22, 12:22:02.808 Таймаут1 LC_14_20(2047)

29.07.22, 12:22:02.839 Запрос к LC_14_20[CR]:  02 FE 04 00 40 01 02 01 04
29.07.22, 12:22:04.886 Таймаут2 LC_14_20(2047)

29.07.22, 12:22:04.886 Запрос к LC_14_20[CR]:  02 FE 04 00 40 01 02 01 04
29.07.22, 12:22:06.933 Таймаут3 LC_14_20(2047)

29.07.22, 12:22:06.964 Запрос к LS_12_07M[DO]:  02 FE 06 00 40 01 04 01 14 00 08
29.07.22, 12:22:09.027 Таймаут1 LS_12_07M(2063)

29.07.22, 12:22:09.089 Запрос к LS_12_07M[DO]:  02 FE 06 00 40 01 04 01 14 00 08
29.07.22, 12:22:11.152 Таймаут2 LS_12_07M(2063)

29.07.22, 12:22:11.214 Запрос к LS_12_07M[DO]:  02 FE 06 00 40 01 04 01 14 00 08
29.07.22, 12:22:13.277 Таймаут3 LS_12_07M(2063)

29.07.22, 12:22:13.339 Запрос к CR_21[GR]:  02 FE 05 00 40 01 02 02 03 01
29.07.22, 12:22:15.386 Таймаут1 CR_21(2047)

29.07.22, 12:22:15.401 Запрос к CR_21[GR]:  02 FE 05 00 40 01 02 02 03 01
29.07.22, 12:22:17.417 Таймаут2 CR_21(2015)

29.07.22, 12:22:17.464 Запрос к CR_21[GR]:  02 FE 05 00 40 01 02 02 03 01
29.07.22, 12:22:19.511 Таймаут3 CR_21(2047)

29.07.22, 12:22:19.526 Запрос к CR_22[GR]:  02 FE 07 00 40 01 02 04 05 06 07 08
29.07.22, 12:22:21.589 Таймаут1 CR_22(2062)

29.07.22, 12:22:21.651 Запрос к CR_22[GR]:  02 FE 07 00 40 01 02 04 05 06 07 08
29.07.22, 12:22:23.698 Таймаут2 CR_22(2047)

29.07.22, 12:22:23.714 Запрос к CR_22[GR]:  02 FE 07 00 40 01 02 04 05 06 07 08
29.07.22, 12:22:25.729 Таймаут3 CR_22(2016)

29.07.22, 12:22:25.776 Запрос к CR_23[GR]:  02 FE 06 00 40 01 02 03 09 0A 0B
29.07.22, 12:22:27.807 Таймаут1 CR_23(2031)

29.07.22, 12:22:27.839 Запрос к CR_23[GR]:  02 FE 06 00 40 01 02 03 09 0A 0B
29.07.22, 12:22:29.854 Таймаут2 CR_23(2016)

29.07.22, 12:22:29.901 Запрос к CR_23[GR]:  02 FE 06 00 40 01 02 03 09 0A 0B
29.07.22, 12:22:31.963 Таймаут3 CR_23(2062)

29.07.22, 12:22:32.026 Запрос к CR_24[GR]:  02 FE 05 00 40 01 02 02 0E 0D
29.07.22, 12:22:34.088 Таймаут1 CR_24(2062)

29.07.22, 12:22:34.151 Запрос к CR_24[GR]:  02 FE 05 00 40 01 02 02 0E 0D
29.07.22, 12:22:36.198 Таймаут2 CR_24(2047)

29.07.22, 12:22:36.213 Запрос к CR_24[GR]:  02 FE 05 00 40 01 02 02 0E 0D
29.07.22, 12:22:38.260 Таймаут3 CR_24(2047)

29.07.22, 12:22:38.276 Запрос к GO_2[GO]:  02 FE 2D 00 40 01 04 0E 08 00 07 02 00 08 0E 00 03 0E 00 08 08 00 08 06 00 08 04 00 08 0C 00 07 0E 00 02 0E 00 01 0B 00 07 09 00 17 09 00 15 0B 00 09
29.07.22, 12:22:40.307 Таймаут1 GO_2(2031)

29.07.22, 12:22:40.338 Запрос к GO_2[GO]:  02 FE 2D 00 40 01 04 0E 08 00 07 02 00 08 0E 00 03 0E 00 08 08 00 08 06 00 08 04 00 08 0C 00 07 0E 00 02 0E 00 01 0B 00 07 09 00 17 09 00 15 0B 00 09
29.07.22, 12:22:42.385 Таймаут2 GO_2(2047)

29.07.22, 12:22:42.400 Запрос к GO_2[GO]:  02 FE 2D 00 40 01 04 0E 08 00 07 02 00 08 0E 00 03 0E 00 08 08 00 08 06 00 08 04 00 08 0C 00 07 0E 00 02 0E 00 01 0B 00 07 09 00 17 09 00 15 0B 00 09
29.07.22, 12:22:44.463 Таймаут3 GO_2(2062)

29.07.22, 12:22:44.525 Запрос к INR_21[NR]:  02 FE 04 00 40 01 00 00 00
29.07.22, 12:22:46.588 Таймаут1 INR_21(2062)

29.07.22, 12:22:46.650 Запрос к INR_21[NR]:  02 FE 04 00 40 01 00 00 00
29.07.22, 12:22:48.697 Таймаут2 INR_21(2047)

29.07.22, 12:22:48.713 Запрос к INR_21[NR]:  02 FE 04 00 40 01 00 00 00
29.07.22, 12:22:50.775 Таймаут3 INR_21(2063)

29.07.22, 12:22:50.838 Запрос к INR_22[NR]:  02 FE 04 00 40 01 00 01 00
29.07.22, 12:22:52.900 Таймаут1 INR_22(2063)

29.07.22, 12:22:52.963 Запрос к INR_22[NR]:  02 FE 04 00 40 01 00 01 00
29.07.22, 12:22:55.016 Таймаут2 INR_22(2047)

29.07.22, 12:22:55.032 Запрос к INR_22[NR]:  02 FE 04 00 40 01 00 01 00
29.07.22, 12:22:57.079 Таймаут3 INR_22(2047)

29.07.22, 12:22:57.094 Запрос к INR_23[NR]:  02 FE 04 00 40 01 00 02 00
29.07.22, 12:22:59.131 Таймаут1 INR_23(2031)

29.07.22, 12:22:59.163 Запрос к INR_23[NR]:  02 FE 04 00 40 01 00 02 00
29.07.22, 12:23:01.201 Таймаут2 INR_23(2047)

29.07.22, 12:23:01.217 Запрос к INR_23[NR]:  02 FE 04 00 40 01 00 02 00
29.07.22, 12:23:03.232 Таймаут3 INR_23(2016)

29.07.22, 12:23:03.279 Запрос к LC_13_24[CR]:  02 FE 04 00 40 01 02 01 02
29.07.22, 12:23:05.341 Таймаут1 LC_13_24(2062)

29.07.22, 12:23:05.404 Запрос к LC_13_24[CR]:  02 FE 04 00 40 01 02 01 02
29.07.22, 12:23:07.466 Таймаут2 LC_13_24(2062)

29.07.22, 12:23:07.529 Запрос к LC_13_24[CR]:  02 FE 04 00 40 01 02 01 02
29.07.22, 12:23:09.576 Таймаут3 LC_13_24(2047)

29.07.22, 12:23:09.591 Запрос к LC_14_20[CR]:  02 FE 04 00 40 01 02 01 04
29.07.22, 12:23:11.638 Таймаут1 LC_14_20(2047)

29.07.22, 12:23:11.654 Запрос к LC_14_20[CR]:  02 FE 04 00 40 01 02 01 04
29.07.22, 12:23:13.669 Таймаут2 LC_14_20(2015)

29.07.22, 12:23:13.732 Запрос к LC_14_20[CR]:  02 FE 04 00 40 01 02 01 04
29.07.22, 12:23:15.763 Таймаут3 LC_14_20(2031)

29.07.22, 12:23:15.794 Запрос к LS_12_07M[DO]:  02 FE 06 00 40 01 04 01 14 00 08
29.07.22, 12:23:17.841 Таймаут1 LS_12_07M(2047)

29.07.22, 12:23:17.857 Запрос к LS_12_07M[DO]:  02 FE 06 00 40 01 04 01 14 00 08
29.07.22, 12:23:19.919 Таймаут2 LS_12_07M(2062)

29.07.22, 12:23:19.982 Запрос к LS_12_07M[DO]:  02 FE 06 00 40 01 04 01 14 00 08
29.07.22, 12:23:22.028 Таймаут3 LS_12_07M(2047)

29.07.22, 12:23:22.044 Запрос к CR_21[GR]:  02 FE 05 00 40 01 02 02 03 01
29.07.22, 12:23:24.075 Таймаут1 CR_21(2032)

29.07.22, 12:23:24.122 Запрос к CR_21[GR]:  02 FE 05 00 40 01 02 02 03 01
29.07.22, 12:23:26.169 Таймаут2 CR_21(2047)

29.07.22, 12:23:26.184 Запрос к CR_21[GR]:  02 FE 05 00 40 01 02 02 03 01
29.07.22, 12:23:28.247 Таймаут3 CR_21(2062)

29.07.22, 12:23:28.262 Запрос к CR_22[GR]:  02 FE 07 00 40 01 02 04 05 06 07 08
29.07.22, 12:23:30.309 Таймаут1 CR_22(2047)

29.07.22, 12:23:30.341 Запрос к CR_22[GR]:  02 FE 07 00 40 01 02 04 05 06 07 08
29.07.22, 12:23:32.403 Таймаут2 CR_22(2063)

29.07.22, 12:23:32.465 Запрос к CR_22[GR]:  02 FE 07 00 40 01 02 04 05 06 07 08
29.07.22, 12:23:34.497 Таймаут3 CR_22(2031)

29.07.22, 12:23:34.528 Запрос к GP21[GP]:  02 FE 21 00 40 01 01 0A 97 00 01 97 00 04 97 00 0A 98 00 01 98 00 04 98 00 0A 99 00 07 99 00 01 99 00 0A 99 00 04
29.07.22, 12:23:36.559 Таймаут1 GP21(2031)

29.07.22, 12:23:36.590 Запрос к GP21[GP]:  02 FE 21 00 40 01 01 0A 97 00 01 97 00 04 97 00 0A 98 00 01 98 00 04 98 00 0A 99 00 07 99 00 01 99 00 0A 99 00 04
29.07.22, 12:23:38.637 Таймаут2 GP21(2047)

29.07.22, 12:23:38.653 Запрос к GP21[GP]:  02 FE 21 00 40 01 01 0A 97 00 01 97 00 04 97 00 0A 98 00 01 98 00 04 98 00 0A 99 00 07 99 00 01 99 00 0A 99 00 04
29.07.22, 12:23:40.668 Таймаут3 GP21(2015)

29.07.22, 12:23:40.731 Запрос к GP22[GP]:  02 FE 1B 00 40 01 01 08 99 00 0D 99 00 13 99 00 19 99 00 10 99 00 16 99 00 1C AE 00 0A AE 00 04
29.07.22, 12:23:42.793 Таймаут1 GP22(2062)

29.07.22, 12:23:42.793 Запрос к GP22[GP]:  02 FE 1B 00 40 01 01 08 99 00 0D 99 00 13 99 00 19 99 00 10 99 00 16 99 00 1C AE 00 0A AE 00 04
29.07.22, 12:23:44.840 Таймаут2 GP22(2047)

29.07.22, 12:23:44.887 Запрос к GP22[GP]:  02 FE 1B 00 40 01 01 08 99 00 0D 99 00 13 99 00 19 99 00 10 99 00 16 99 00 1C AE 00 0A AE 00 04
29.07.22, 12:23:46.918 Таймаут3 GP22(2031)

29.07.22, 12:23:46.949 Запрос к GP23[GP]:  02 FE 2D 00 40 01 01 0E AB 00 01 AB 00 04 AB 00 07 AC 00 01 AC 00 04 AC 00 07 AD 00 01 AD 00 07 AD 00 0D AD 00 04 AD 00 0A AD 00 10 AE 00 01 AE 00 07
29.07.22, 12:23:48.965 Таймаут1 GP23(2015)

29.07.22, 12:23:49.012 Запрос к GP23[GP]:  02 FE 2D 00 40 01 01 0E AB 00 01 AB 00 04 AB 00 07 AC 00 01 AC 00 04 AC 00 07 AD 00 01 AD 00 07 AD 00 0D AD 00 04 AD 00 0A AD 00 10 AE 00 01 AE 00 07
29.07.22, 12:23:51.059 Таймаут2 GP23(2047)

29.07.22, 12:23:51.074 Запрос к GP23[GP]:  02 FE 2D 00 40 01 01 0E AB 00 01 AB 00 04 AB 00 07 AC 00 01 AC 00 04 AC 00 07 AD 00 01 AD 00 07 AD 00 0D AD 00 04 AD 00 0A AD 00 10 AE 00 01 AE 00 07
29.07.22, 12:23:53.137 Таймаут3 GP23(2062)

29.07.22, 12:23:53.152 Запрос к GP24[GP]:  02 FE 27 00 40 01 01 0C A1 00 01 A1 00 04 A1 00 07 A1 00 0A A1 00 0D A2 00 0D A1 00 10 A2 00 10 A2 00 01 A2 00 04 A2 00 07 A2 00 0A
29.07.22, 12:23:55.199 Таймаут1 GP24(2047)

29.07.22, 12:23:55.230 Запрос к GP24[GP]:  02 FE 27 00 40 01 01 0C A1 00 01 A1 00 04 A1 00 07 A1 00 0A A1 00 0D A2 00 0D A1 00 10 A2 00 10 A2 00 01 A2 00 04 A2 00 07 A2 00 0A
29.07.22, 12:23:57.277 Таймаут2 GP24(2047)

29.07.22, 12:23:57.293 Запрос к GP24[GP]:  02 FE 27 00 40 01 01 0C A1 00 01 A1 00 04 A1 00 07 A1 00 0A A1 00 0D A2 00 0D A1 00 10 A2 00 10 A2 00 01 A2 00 04 A2 00 07 A2 00 0A
29.07.22, 12:23:59.324 Таймаут3 GP24(2032)

29.07.22, 12:23:59.355 Запрос к GP25[GP]:  02 FE 24 00 40 01 01 0B A3 00 01 A3 00 07 A3 00 0D A3 00 13 A3 00 04 A3 00 0A A3 00 10 A3 00 16 A4 00 04 A4 00 01 9B 00 01
29.07.22, 12:24:01.402 Таймаут1 GP25(2047)

29.07.22, 12:24:01.418 Запрос к GP25[GP]:  02 FE 24 00 40 01 01 0B A3 00 01 A3 00 07 A3 00 0D A3 00 13 A3 00 04 A3 00 0A A3 00 10 A3 00 16 A4 00 04 A4 00 01 9B 00 01
29.07.22, 12:24:03.449 Таймаут2 GP25(2032)

29.07.22, 12:24:03.496 Запрос к GP25[GP]:  02 FE 24 00 40 01 01 0B A3 00 01 A3 00 07 A3 00 0D A3 00 13 A3 00 04 A3 00 0A A3 00 10 A3 00 16 A4 00 04 A4 00 01 9B 00 01
29.07.22, 12:24:05.558 Таймаут3 GP25(2063)

29.07.22, 12:24:05.621 Запрос к GP_KP2[GP]:  02 FE 2D 00 40 01 01 0E 6A 01 06 C4 01 06 CE 01 06 D8 01 06 ED 01 06 F7 01 06 74 01 06 7E 01 06 88 01 06 92 01 06 9C 01 06 A6 01 06 B0 01 06 BA 01 06
29.07.22, 12:24:07.636 Таймаут1 GP_KP2(2016)

29.07.22, 12:24:07.683 Запрос к GP_KP2[GP]:  02 FE 2D 00 40 01 01 0E 6A 01 06 C4 01 06 CE 01 06 D8 01 06 ED 01 06 F7 01 06 74 01 06 7E 01 06 88 01 06 92 01 06 9C 01 06 A6 01 06 B0 01 06 BA 01 06
29.07.22, 12:24:09.714 Таймаут2 GP_KP2(2031)

29.07.22, 12:24:09.745 Запрос к GP_KP2[GP]:  02 FE 2D 00 40 01 01 0E 6A 01 06 C4 01 06 CE 01 06 D8 01 06 ED 01 06 F7 01 06 74 01 06 7E 01 06 88 01 06 92 01 06 9C 01 06 A6 01 06 B0 01 06 BA 01 06
29.07.22, 12:24:11.792 Таймаут3 GP_KP2(2047)

29.07.22, 12:24:11.808 Запрос к GP_TI2[GP]:  02 FE 2D 00 40 01 01 0E 6A 01 07 C4 01 07 CE 01 07 D8 01 07 ED 01 07 F7 01 07 74 01 07 7E 01 07 88 01 07 92 01 07 9C 01 07 A6 01 07 B0 01 07 BA 01 07
29.07.22, 12:24:13.839 Таймаут1 GP_TI2(2031)

29.07.22, 12:24:13.886 Запрос к GP_TI2[GP]:  02 FE 2D 00 40 01 01 0E 6A 01 07 C4 01 07 CE 01 07 D8 01 07 ED 01 07 F7 01 07 74 01 07 7E 01 07 88 01 07 92 01 07 9C 01 07 A6 01 07 B0 01 07 BA 01 07
29.07.22, 12:24:15.917 Таймаут2 GP_TI2(2031)

29.07.22, 12:24:15.948 Запрос к GP_TI2[GP]:  02 FE 2D 00 40 01 01 0E 6A 01 07 C4 01 07 CE 01 07 D8 01 07 ED 01 07 F7 01 07 74 01 07 7E 01 07 88 01 07 92 01 07 9C 01 07 A6 01 07 B0 01 07 BA 01 07
29.07.22, 12:24:17.995 Таймаут3 GP_TI2(2046)

29.07.22, 12:24:18.011 Запрос к GP_KD2[GP]:  02 FE 2D 00 40 01 01 0E BA 01 08 B0 01 08 A6 01 08 9C 01 08 92 01 08 88 01 08 7E 01 08 74 01 08 F7 01 08 ED 01 08 D8 01 08 CE 01 08 C4 01 08 6A 01 08
29.07.22, 12:24:20.042 Таймаут1 GP_KD2(2031)

29.07.22, 12:24:20.089 Запрос к GP_KD2[GP]:  02 FE 2D 00 40 01 01 0E BA 01 08 B0 01 08 A6 01 08 9C 01 08 92 01 08 88 01 08 7E 01 08 74 01 08 F7 01 08 ED 01 08 D8 01 08 CE 01 08 C4 01 08 6A 01 08
29.07.22, 12:24:22.120 Таймаут2 GP_KD2(2031)

29.07.22, 12:24:22.151 Запрос к GP_KD2[GP]:  02 FE 2D 00 40 01 01 0E BA 01 08 B0 01 08 A6 01 08 9C 01 08 92 01 08 88 01 08 7E 01 08 74 01 08 F7 01 08 ED 01 08 D8 01 08 CE 01 08 C4 01 08 6A 01 08
29.07.22, 12:24:24.198 Таймаут3 GP_KD2(2047)

29.07.22, 12:24:24.214 Запрос к CR_23[GR]:  02 FE 06 00 40 01 02 03 09 0A 0B
29.07.22, 12:24:26.229 Таймаут1 CR_23(2016)

29.07.22, 12:24:26.292 Запрос к CR_23[GR]:  02 FE 06 00 40 01 02 03 09 0A 0B
29.07.22, 12:24:28.338 Таймаут2 CR_23(2047)

29.07.22, 12:24:28.354 Запрос к CR_23[GR]:  02 FE 06 00 40 01 02 03 09 0A 0B
29.07.22, 12:24:30.385 Таймаут3 CR_23(2031)

29.07.22, 12:24:30.417 Запрос к CR_24[GR]:  02 FE 05 00 40 01 02 02 0E 0D
29.07.22, 12:24:32.479 Таймаут1 CR_24(2063)

29.07.22, 12:24:32.541 Запрос к CR_24[GR]:  02 FE 05 00 40 01 02 02 0E 0D
29.07.22, 12:24:34.604 Таймаут2 CR_24(2063)

29.07.22, 12:24:34.666 Запрос к CR_24[GR]:  02 FE 05 00 40 01 02 02 0E 0D
29.07.22, 12:24:36.698 Таймаут3 CR_24(2032)

29.07.22, 12:24:36.729 Запрос к GO_2[GO]:  02 FE 2D 00 40 01 04 0E 08 00 07 02 00 08 0E 00 03 0E 00 08 08 00 08 06 00 08 04 00 08 0C 00 07 0E 00 02 0E 00 01 0B 00 07 09 00 17 09 00 15 0B 00 09
29.07.22, 12:24:38.791 Таймаут1 GO_2(2062)

29.07.22, 12:24:38.791 Запрос к GO_2[GO]:  02 FE 2D 00 40 01 04 0E 08 00 07 02 00 08 0E 00 03 0E 00 08 08 00 08 06 00 08 04 00 08 0C 00 07 0E 00 02 0E 00 01 0B 00 07 09 00 17 09 00 15 0B 00 09
29.07.22, 12:24:40.838 Таймаут2 GO_2(2047)

29.07.22, 12:24:40.885 Запрос к GO_2[GO]:  02 FE 2D 00 40 01 04 0E 08 00 07 02 00 08 0E 00 03 0E 00 08 08 00 08 06 00 08 04 00 08 0C 00 07 0E 00 02 0E 00 01 0B 00 07 09 00 17 09 00 15 0B 00 09
29.07.22, 12:24:42.916 Таймаут3 GO_2(2031)

29.07.22, 12:24:42.947 Запрос к INR_21[NR]:  02 FE 04 00 40 01 00 00 00
29.07.22, 12:24:44.963 Таймаут1 INR_21(2015)

29.07.22, 12:24:45.010 Запрос к INR_21[NR]:  02 FE 04 00 40 01 00 00 00
29.07.22, 12:24:47.041 Таймаут2 INR_21(2031)

29.07.22, 12:24:47.072 Запрос к INR_21[NR]:  02 FE 04 00 40 01 00 00 00
29.07.22, 12:24:49.111 Таймаут3 INR_21(2031)

29.07.22, 12:24:49.142 Запрос к INR_22[NR]:  02 FE 04 00 40 01 00 01 00
29.07.22, 12:24:51.173 Таймаут1 INR_22(2031)

29.07.22, 12:24:51.204 Запрос к INR_22[NR]:  02 FE 04 00 40 01 00 01 00
29.07.22, 12:24:53.251 Таймаут2 INR_22(2046)

29.07.22, 12:24:53.267 Запрос к INR_22[NR]:  02 FE 04 00 40 01 00 01 00
29.07.22, 12:24:55.326 Таймаут3 INR_22(2063)

29.07.22, 12:24:55.341 Запрос к INR_23[NR]:  02 FE 04 00 40 01 00 02 00
29.07.22, 12:24:57.404 Таймаут1 INR_23(2063)

29.07.22, 12:24:57.435 Запрос к INR_23[NR]:  02 FE 04 00 40 01 00 02 00
29.07.22, 12:24:59.498 Таймаут2 INR_23(2062)

29.07.22, 12:24:59.560 Запрос к INR_23[NR]:  02 FE 04 00 40 01 00 02 00
29.07.22, 12:25:01.623 Таймаут3 INR_23(2062)

29.07.22, 12:25:01.654 Запрос к LC_13_24[CR]:  02 FE 04 00 40 01 02 01 02
29.07.22, 12:25:03.685 Таймаут1 LC_13_24(2031)

29.07.22, 12:25:03.716 Запрос к LC_13_24[CR]:  02 FE 04 00 40 01 02 01 02
29.07.22, 12:25:05.732 Таймаут2 LC_13_24(2016)

29.07.22, 12:25:05.779 Запрос к LC_13_24[CR]:  02 FE 04 00 40 01 02 01 02
29.07.22, 12:25:07.810 Таймаут3 LC_13_24(2031)

29.07.22, 12:25:07.841 Запрос к LC_14_20[CR]:  02 FE 04 00 40 01 02 01 04
29.07.22, 12:25:09.904 Таймаут1 LC_14_20(2063)

29.07.22, 12:25:09.966 Запрос к LC_14_20[CR]:  02 FE 04 00 40 01 02 01 04
29.07.22, 12:25:12.013 Таймаут2 LC_14_20(2047)

29.07.22, 12:25:12.029 Запрос к LC_14_20[CR]:  02 FE 04 00 40 01 02 01 04
29.07.22, 12:25:14.075 Таймаут3 LC_14_20(2047)

29.07.22, 12:25:14.091 Запрос к LS_12_07M[DO]:  02 FE 06 00 40 01 04 01 14 00 08
29.07.22, 12:25:16.138 Таймаут1 LS_12_07M(2047)

29.07.22, 12:25:16.169 Запрос к LS_12_07M[DO]:  02 FE 06 00 40 01 04 01 14 00 08
29.07.22, 12:25:18.200 Таймаут2 LS_12_07M(2032)

29.07.22, 12:25:18.232 Запрос к LS_12_07M[DO]:  02 FE 06 00 40 01 04 01 14 00 08
29.07.22, 12:25:20.278 Таймаут3 LS_12_07M(2047)

29.07.22, 12:25:20.294 Запрос к CR_21[GR]:  02 FE 05 00 40 01 02 02 03 01
29.07.22, 12:25:22.356 Таймаут1 CR_21(2063)

29.07.22, 12:25:22.372 Запрос к CR_21[GR]:  02 FE 05 00 40 01 02 02 03 01
29.07.22, 12:25:24.466 Таймаут2 CR_21(2094)

29.07.22, 12:25:24.466 Запрос к CR_21[GR]:  02 FE 05 00 40 01 02 02 03 01
29.07.22, 12:25:26.481 Таймаут3 CR_21(2016)

29.07.22, 12:25:26.512 Запрос к CR_22[GR]:  02 FE 07 00 40 01 02 04 05 06 07 08
29.07.22, 12:25:28.559 Таймаут1 CR_22(2047)

29.07.22, 12:25:28.606 Запрос к CR_22[GR]:  02 FE 07 00 40 01 02 04 05 06 07 08
29.07.22, 12:25:30.653 Таймаут2 CR_22(2047)

29.07.22, 12:25:30.700 Запрос к CR_22[GR]:  02 FE 07 00 40 01 02 04 05 06 07 08
29.07.22, 12:25:32.762 Таймаут3 CR_22(2062)

29.07.22, 12:25:32.793 Запрос к GP21[GP]:  02 FE 21 00 40 01 01 0A 97 00 01 97 00 04 97 00 0A 98 00 01 98 00 04 98 00 0A 99 00 07 99 00 01 99 00 0A 99 00 04
29.07.22, 12:25:34.840 Таймаут1 GP21(2047)

29.07.22, 12:25:34.856 Запрос к GP21[GP]:  02 FE 21 00 40 01 01 0A 97 00 01 97 00 04 97 00 0A 98 00 01 98 00 04 98 00 0A 99 00 07 99 00 01 99 00 0A 99 00 04
29.07.22, 12:25:36.918 Таймаут2 GP21(2062)

29.07.22, 12:25:36.981 Запрос к GP21[GP]:  02 FE 21 00 40 01 01 0A 97 00 01 97 00 04 97 00 0A 98 00 01 98 00 04 98 00 0A 99 00 07 99 00 01 99 00 0A 99 00 04
29.07.22, 12:25:39.043 Таймаут3 GP21(2062)

29.07.22, 12:25:39.075 Запрос к GP22[GP]:  02 FE 1B 00 40 01 01 08 99 00 0D 99 00 13 99 00 19 99 00 10 99 00 16 99 00 1C AE 00 0A AE 00 04
29.07.22, 12:25:41.090 Таймаут1 GP22(2015)

29.07.22, 12:25:41.137 Запрос к GP22[GP]:  02 FE 1B 00 40 01 01 08 99 00 0D 99 00 13 99 00 19 99 00 10 99 00 16 99 00 1C AE 00 0A AE 00 04
29.07.22, 12:25:43.199 Таймаут2 GP22(2063)

29.07.22, 12:25:43.262 Запрос к GP22[GP]:  02 FE 1B 00 40 01 01 08 99 00 0D 99 00 13 99 00 19 99 00 10 99 00 16 99 00 1C AE 00 0A AE 00 04
29.07.22, 12:25:45.324 Таймаут3 GP22(2063)

29.07.22, 12:25:45.371 Запрос к GP23[GP]:  02 FE 2D 00 40 01 01 0E AB 00 01 AB 00 04 AB 00 07 AC 00 01 AC 00 04 AC 00 07 AD 00 01 AD 00 07 AD 00 0D AD 00 04 AD 00 0A AD 00 10 AE 00 01 AE 00 07
29.07.22, 12:25:47.434 Таймаут1 GP23(2063)

29.07.22, 12:25:47.496 Запрос к GP23[GP]:  02 FE 2D 00 40 01 01 0E AB 00 01 AB 00 04 AB 00 07 AC 00 01 AC 00 04 AC 00 07 AD 00 01 AD 00 07 AD 00 0D AD 00 04 AD 00 0A AD 00 10 AE 00 01 AE 00 07
29.07.22, 12:25:49.543 Таймаут2 GP23(2047)

29.07.22, 12:25:49.559 Запрос к GP23[GP]:  02 FE 2D 00 40 01 01 0E AB 00 01 AB 00 04 AB 00 07 AC 00 01 AC 00 04 AC 00 07 AD 00 01 AD 00 07 AD 00 0D AD 00 04 AD 00 0A AD 00 10 AE 00 01 AE 00 07
29.07.22, 12:25:51.621 Таймаут3 GP23(2062)

29.07.22, 12:25:51.637 Запрос к GP24[GP]:  02 FE 27 00 40 01 01 0C A1 00 01 A1 00 04 A1 00 07 A1 00 0A A1 00 0D A2 00 0D A1 00 10 A2 00 10 A2 00 01 A2 00 04 A2 00 07 A2 00 0A
29.07.22, 12:25:53.668 Таймаут1 GP24(2031)

29.07.22, 12:25:53.715 Запрос к GP24[GP]:  02 FE 27 00 40 01 01 0C A1 00 01 A1 00 04 A1 00 07 A1 00 0A A1 00 0D A2 00 0D A1 00 10 A2 00 10 A2 00 01 A2 00 04 A2 00 07 A2 00 0A
29.07.22, 12:25:55.746 Таймаут2 GP24(2031)

29.07.22, 12:25:55.777 Запрос к GP24[GP]:  02 FE 27 00 40 01 01 0C A1 00 01 A1 00 04 A1 00 07 A1 00 0A A1 00 0D A2 00 0D A1 00 10 A2 00 10 A2 00 01 A2 00 04 A2 00 07 A2 00 0A
29.07.22, 12:25:57.808 Таймаут3 GP24(2031)

29.07.22, 12:25:57.871 Запрос к GP25[GP]:  02 FE 24 00 40 01 01 0B A3 00 01 A3 00 07 A3 00 0D A3 00 13 A3 00 04 A3 00 0A A3 00 10 A3 00 16 A4 00 04 A4 00 01 9B 00 01
29.07.22, 12:25:59.886 Таймаут1 GP25(2016)

29.07.22, 12:25:59.933 Запрос к GP25[GP]:  02 FE 24 00 40 01 01 0B A3 00 01 A3 00 07 A3 00 0D A3 00 13 A3 00 04 A3 00 0A A3 00 10 A3 00 16 A4 00 04 A4 00 01 9B 00 01
29.07.22, 12:26:01.980 Таймаут2 GP25(2047)

29.07.22, 12:26:01.996 Запрос к GP25[GP]:  02 FE 24 00 40 01 01 0B A3 00 01 A3 00 07 A3 00 0D A3 00 13 A3 00 04 A3 00 0A A3 00 10 A3 00 16 A4 00 04 A4 00 01 9B 00 01
29.07.22, 12:26:04.036 Таймаут3 GP25(2032)

29.07.22, 12:26:04.068 Запрос к GP_KP2[GP]:  02 FE 2D 00 40 01 01 0E 6A 01 06 C4 01 06 CE 01 06 D8 01 06 ED 01 06 F7 01 06 74 01 06 7E 01 06 88 01 06 92 01 06 9C 01 06 A6 01 06 B0 01 06 BA 01 06
29.07.22, 12:26:06.114 Таймаут1 GP_KP2(2047)

29.07.22, 12:26:06.130 Запрос к GP_KP2[GP]:  02 FE 2D 00 40 01 01 0E 6A 01 06 C4 01 06 CE 01 06 D8 01 06 ED 01 06 F7 01 06 74 01 06 7E 01 06 88 01 06 92 01 06 9C 01 06 A6 01 06 B0 01 06 BA 01 06
29.07.22, 12:26:08.161 Таймаут2 GP_KP2(2032)

29.07.22, 12:26:08.208 Запрос к GP_KP2[GP]:  02 FE 2D 00 40 01 01 0E 6A 01 06 C4 01 06 CE 01 06 D8 01 06 ED 01 06 F7 01 06 74 01 06 7E 01 06 88 01 06 92 01 06 9C 01 06 A6 01 06 B0 01 06 BA 01 06
29.07.22, 12:26:10.270 Таймаут3 GP_KP2(2062)

29.07.22, 12:26:10.333 Запрос к GP_TI2[GP]:  02 FE 2D 00 40 01 01 0E 6A 01 07 C4 01 07 CE 01 07 D8 01 07 ED 01 07 F7 01 07 74 01 07 7E 01 07 88 01 07 92 01 07 9C 01 07 A6 01 07 B0 01 07 BA 01 07
29.07.22, 12:26:12.395 Таймаут1 GP_TI2(2062)

29.07.22, 12:26:12.427 Запрос к GP_TI2[GP]:  02 FE 2D 00 40 01 01 0E 6A 01 07 C4 01 07 CE 01 07 D8 01 07 ED 01 07 F7 01 07 74 01 07 7E 01 07 88 01 07 92 01 07 9C 01 07 A6 01 07 B0 01 07 BA 01 07
29.07.22, 12:26:14.442 Таймаут2 GP_TI2(2016)

29.07.22, 12:26:14.489 Запрос к GP_TI2[GP]:  02 FE 2D 00 40 01 01 0E 6A 01 07 C4 01 07 CE 01 07 D8 01 07 ED 01 07 F7 01 07 74 01 07 7E 01 07 88 01 07 92 01 07 9C 01 07 A6 01 07 B0 01 07 BA 01 07
29.07.22, 12:26:16.520 Таймаут3 GP_TI2(2031)

29.07.22, 12:26:16.551 Запрос к GP_KD2[GP]:  02 FE 2D 00 40 01 01 0E BA 01 08 B0 01 08 A6 01 08 9C 01 08 92 01 08 88 01 08 7E 01 08 74 01 08 F7 01 08 ED 01 08 D8 01 08 CE 01 08 C4 01 08 6A 01 08
29.07.22, 12:26:18.598 Таймаут1 GP_KD2(2047)

29.07.22, 12:26:18.661 Запрос к GP_KD2[GP]:  02 FE 2D 00 40 01 01 0E BA 01 08 B0 01 08 A6 01 08 9C 01 08 92 01 08 88 01 08 7E 01 08 74 01 08 F7 01 08 ED 01 08 D8 01 08 CE 01 08 C4 01 08 6A 01 08
29.07.22, 12:26:20.692 Таймаут2 GP_KD2(2031)

29.07.22, 12:26:20.723 Запрос к GP_KD2[GP]:  02 FE 2D 00 40 01 01 0E BA 01 08 B0 01 08 A6 01 08 9C 01 08 92 01 08 88 01 08 7E 01 08 74 01 08 F7 01 08 ED 01 08 D8 01 08 CE 01 08 C4 01 08 6A 01 08
29.07.22, 12:26:22.786 Таймаут3 GP_KD2(2063)

29.07.22, 12:26:22.817 Запрос к CR_23[GR]:  02 FE 06 00 40 01 02 03 09 0A 0B
29.07.22, 12:26:24.848 Таймаут1 CR_23(2031)

29.07.22, 12:26:24.879 Запрос к CR_23[GR]:  02 FE 06 00 40 01 02 03 09 0A 0B
29.07.22, 12:26:26.926 Таймаут2 CR_23(2047)

29.07.22, 12:26:26.973 Запрос к CR_23[GR]:  02 FE 06 00 40 01 02 03 09 0A 0B
29.07.22, 12:26:29.004 Таймаут3 CR_23(2031)

29.07.22, 12:26:29.051 Запрос к CR_24[GR]:  02 FE 05 00 40 01 02 02 0E 0D
29.07.22, 12:26:31.098 Таймаут1 CR_24(2047)

29.07.22, 12:26:31.113 Запрос к CR_24[GR]:  02 FE 05 00 40 01 02 02 0E 0D
29.07.22, 12:26:33.174 Таймаут2 CR_24(2062)

29.07.22, 12:26:33.185 Запрос к CR_24[GR]:  02 FE 05 00 40 01 02 02 0E 0D
29.07.22, 12:26:35.193 Таймаут3 CR_24(2000)

29.07.22, 12:26:35.224 Запрос к GO_2[GO]:  02 FE 2D 00 40 01 04 0E 08 00 07 02 00 08 0E 00 03 0E 00 08 08 00 08 06 00 08 04 00 08 0C 00 07 0E 00 02 0E 00 01 0B 00 07 09 00 17 09 00 15 0B 00 09
29.07.22, 12:26:37.271 Таймаут1 GO_2(2047)

29.07.22, 12:26:37.287 Запрос к GO_2[GO]:  02 FE 2D 00 40 01 04 0E 08 00 07 02 00 08 0E 00 03 0E 00 08 08 00 08 06 00 08 04 00 08 0C 00 07 0E 00 02 0E 00 01 0B 00 07 09 00 17 09 00 15 0B 00 09
29.07.22, 12:26:39.302 Таймаут2 GO_2(2015)

29.07.22, 12:26:39.365 Запрос к GO_2[GO]:  02 FE 2D 00 40 01 04 0E 08 00 07 02 00 08 0E 00 03 0E 00 08 08 00 08 06 00 08 04 00 08 0C 00 07 0E 00 02 0E 00 01 0B 00 07 09 00 17 09 00 15 0B 00 09
29.07.22, 12:26:41.380 Таймаут3 GO_2(2015)

29.07.22, 12:26:41.427 Запрос к INR_21[NR]:  02 FE 04 00 40 01 00 00 00
29.07.22, 12:26:43.474 Таймаут1 INR_21(2047)

29.07.22, 12:26:43.490 Запрос к INR_21[NR]:  02 FE 04 00 40 01 00 00 00
29.07.22, 12:26:45.521 Таймаут2 INR_21(2031)

29.07.22, 12:26:45.568 Запрос к INR_21[NR]:  02 FE 04 00 40 01 00 00 00
29.07.22, 12:26:47.599 Таймаут3 INR_21(2031)

29.07.22, 12:26:47.630 Запрос к INR_22[NR]:  02 FE 04 00 40 01 00 01 00
29.07.22, 12:26:49.661 Таймаут1 INR_22(2032)

29.07.22, 12:26:49.692 Запрос к INR_22[NR]:  02 FE 04 00 40 01 00 01 00
29.07.22, 12:26:51.739 Таймаут2 INR_22(2047)

29.07.22, 12:26:51.755 Запрос к INR_22[NR]:  02 FE 04 00 40 01 00 01 00
29.07.22, 12:26:53.796 Таймаут3 INR_22(2047)

29.07.22, 12:26:53.811 Запрос к INR_23[NR]:  02 FE 04 00 40 01 00 02 00
29.07.22, 12:26:55.858 Таймаут1 INR_23(2047)

29.07.22, 12:26:55.889 Запрос к INR_23[NR]:  02 FE 04 00 40 01 00 02 00
29.07.22, 12:26:57.924 Таймаут2 INR_23(2031)

29.07.22, 12:26:57.955 Запрос к INR_23[NR]:  02 FE 04 00 40 01 00 02 00
29.07.22, 12:27:00.010 Таймаут3 INR_23(2062)

29.07.22, 12:27:00.072 Запрос к LC_13_24[CR]:  02 FE 04 00 40 01 02 01 02
29.07.22, 12:27:02.119 Таймаут1 LC_13_24(2046)

29.07.22, 12:27:02.135 Запрос к LC_13_24[CR]:  02 FE 04 00 40 01 02 01 02
29.07.22, 12:27:04.306 Таймаут2 LC_13_24(2172)

29.07.22, 12:27:04.306 Запрос к LC_13_24[CR]:  02 FE 04 00 40 01 02 01 02
29.07.22, 12:27:06.369 Таймаут3 LC_13_24(2062)

29.07.22, 12:27:06.416 Запрос к LC_14_20[CR]:  02 FE 04 00 40 01 02 01 04
29.07.22, 12:27:08.494 Таймаут1 LC_14_20(2078)

29.07.22, 12:27:08.494 Запрос к LC_14_20[CR]:  02 FE 04 00 40 01 02 01 04
29.07.22, 12:27:10.556 Таймаут2 LC_14_20(2063)

29.07.22, 12:27:10.572 Запрос к LC_14_20[CR]:  02 FE 04 00 40 01 02 01 04
29.07.22, 12:27:12.603 Таймаут3 LC_14_20(2031)

29.07.22, 12:27:12.650 Запрос к LS_12_07M[DO]:  02 FE 06 00 40 01 04 01 14 00 08
29.07.22, 12:27:14.697 Таймаут1 LS_12_07M(2047)

29.07.22, 12:27:14.712 Запрос к LS_12_07M[DO]:  02 FE 06 00 40 01 04 01 14 00 08
29.07.22, 12:27:16.759 Таймаут2 LS_12_07M(2047)

29.07.22, 12:27:16.790 Запрос к LS_12_07M[DO]:  02 FE 06 00 40 01 04 01 14 00 08
29.07.22, 12:27:18.806 Таймаут3 LS_12_07M(2016)

29.07.22, 12:27:18.853 Запрос к CR_21[GR]:  02 FE 05 00 40 01 02 02 03 01
29.07.22, 12:27:20.900 Таймаут1 CR_21(2047)

29.07.22, 12:27:20.915 Запрос к CR_21[GR]:  02 FE 05 00 40 01 02 02 03 01
29.07.22, 12:27:22.978 Таймаут2 CR_21(2063)

29.07.22, 12:27:22.993 Запрос к CR_21[GR]:  02 FE 05 00 40 01 02 02 03 01
29.07.22, 12:27:25.040 Таймаут3 CR_21(2047)

29.07.22, 12:27:25.071 Запрос к CR_22[GR]:  02 FE 07 00 40 01 02 04 05 06 07 08
29.07.22, 12:27:27.118 Таймаут1 CR_22(2046)

29.07.22, 12:27:27.134 Запрос к CR_22[GR]:  02 FE 07 00 40 01 02 04 05 06 07 08
29.07.22, 12:27:29.196 Таймаут2 CR_22(2063)

29.07.22, 12:27:29.243 Запрос к CR_22[GR]:  02 FE 07 00 40 01 02 04 05 06 07 08
29.07.22, 12:27:31.290 Таймаут3 CR_22(2047)

29.07.22, 12:27:31.337 Запрос к GP21[GP]:  02 FE 21 00 40 01 01 0A 97 00 01 97 00 04 97 00 0A 98 00 01 98 00 04 98 00 0A 99 00 07 99 00 01 99 00 0A 99 00 04
29.07.22, 12:27:33.399 Таймаут1 GP21(2063)

29.07.22, 12:27:33.462 Запрос к GP21[GP]:  02 FE 21 00 40 01 01 0A 97 00 01 97 00 04 97 00 0A 98 00 01 98 00 04 98 00 0A 99 00 07 99 00 01 99 00 0A 99 00 04
29.07.22, 12:27:35.493 Таймаут2 GP21(2031)

29.07.22, 12:27:35.524 Запрос к GP21[GP]:  02 FE 21 00 40 01 01 0A 97 00 01 97 00 04 97 00 0A 98 00 01 98 00 04 98 00 0A 99 00 07 99 00 01 99 00 0A 99 00 04
29.07.22, 12:27:37.587 Таймаут3 GP21(2062)

29.07.22, 12:27:37.633 Запрос к GP22[GP]:  02 FE 1B 00 40 01 01 08 99 00 0D 99 00 13 99 00 19 99 00 10 99 00 16 99 00 1C AE 00 0A AE 00 04
29.07.22, 12:27:42.539 Таймаут1 GP22(4906)

29.07.22, 12:27:43.039 Запрос к GP22[GP]:  02 FE 1B 00 40 01 01 08 99 00 0D 99 00 13 99 00 19 99 00 10 99 00 16 99 00 1C AE 00 0A AE 00 04
29.07.22, 12:27:45.571 Таймаут2 GP22(2532)

29.07.22, 12:27:45.586 Запрос к GP22[GP]:  02 FE 1B 00 40 01 01 08 99 00 0D 99 00 13 99 00 19 99 00 10 99 00 16 99 00 1C AE 00 0A AE 00 04
29.07.22, 12:27:47.961 Таймаут3 GP22(2375)

29.07.22, 12:27:47.961 Запрос к GP23[GP]:  02 FE 2D 00 40 01 01 0E AB 00 01 AB 00 04 AB 00 07 AC 00 01 AC 00 04 AC 00 07 AD 00 01 AD 00 07 AD 00 0D AD 00 04 AD 00 0A AD 00 10 AE 00 01 AE 00 07
29.07.22, 12:27:50.005 Таймаут1 GP23(2031)

29.07.22, 12:27:50.036 Запрос к GP23[GP]:  02 FE 2D 00 40 01 01 0E AB 00 01 AB 00 04 AB 00 07 AC 00 01 AC 00 04 AC 00 07 AD 00 01 AD 00 07 AD 00 0D AD 00 04 AD 00 0A AD 00 10 AE 00 01 AE 00 07
29.07.22, 12:27:52.208 Таймаут2 GP23(2172)

29.07.22, 12:27:52.614 Запрос к GP23[GP]:  02 FE 2D 00 40 01 01 0E AB 00 01 AB 00 04 AB 00 07 AC 00 01 AC 00 04 AC 00 07 AD 00 01 AD 00 07 AD 00 0D AD 00 04 AD 00 0A AD 00 10 AE 00 01 AE 00 07
29.07.22, 12:27:54.802 Таймаут3 GP23(2187)

29.07.22, 12:27:54.817 Запрос к GP24[GP]:  02 FE 27 00 40 01 01 0C A1 00 01 A1 00 04 A1 00 07 A1 00 0A A1 00 0D A2 00 0D A1 00 10 A2 00 10 A2 00 01 A2 00 04 A2 00 07 A2 00 0A
29.07.22, 12:27:56.958 Таймаут1 GP24(2141)

29.07.22, 12:27:56.958 Запрос к GP24[GP]:  02 FE 27 00 40 01 01 0C A1 00 01 A1 00 04 A1 00 07 A1 00 0A A1 00 0D A2 00 0D A1 00 10 A2 00 10 A2 00 01 A2 00 04 A2 00 07 A2 00 0A
29.07.22, 12:27:59.395 Таймаут2 GP24(2437)

29.07.22, 12:27:59.411 Запрос к GP24[GP]:  02 FE 27 00 40 01 01 0C A1 00 01 A1 00 04 A1 00 07 A1 00 0A A1 00 0D A2 00 0D A1 00 10 A2 00 10 A2 00 01 A2 00 04 A2 00 07 A2 00 0A
29.07.22, 12:28:01.489 Таймаут3 GP24(2078)

29.07.22, 12:28:01.926 Запрос к CR_23[GR]:  02 FE 06 00 40 01 02 03 09 0A 0B
29.07.22, 12:28:03.973 Таймаут1 CR_23(2047)

29.07.22, 12:28:04.395 Запрос к CR_23[GR]:  02 FE 06 00 40 01 02 03 09 0A 0B
29.07.22, 12:28:06.738 Таймаут2 CR_23(2344)

29.07.22, 12:28:06.753 Запрос к CR_23[GR]:  02 FE 06 00 40 01 02 03 09 0A 0B
29.07.22, 12:28:09.191 Таймаут3 CR_23(2438)

29.07.22, 12:28:09.191 Запрос к GP25[GP]:  02 FE 24 00 40 01 01 0B A3 00 01 A3 00 07 A3 00 0D A3 00 13 A3 00 04 A3 00 0A A3 00 10 A3 00 16 A4 00 04 A4 00 01 9B 00 01
29.07.22, 12:28:11.284 Таймаут1 GP25(2094)

29.07.22, 12:28:11.331 Запрос к GP25[GP]:  02 FE 24 00 40 01 01 0B A3 00 01 A3 00 07 A3 00 0D A3 00 13 A3 00 04 A3 00 0A A3 00 10 A3 00 16 A4 00 04 A4 00 01 9B 00 01
29.07.22, 12:28:13.378 Таймаут2 GP25(2046)

29.07.22, 12:28:13.425 Запрос к GP25[GP]:  02 FE 24 00 40 01 01 0B A3 00 01 A3 00 07 A3 00 0D A3 00 13 A3 00 04 A3 00 0A A3 00 10 A3 00 16 A4 00 04 A4 00 01 9B 00 01
29.07.22, 12:28:15.815 Таймаут3 GP25(2391)

29.07.22, 12:28:15.815 Запрос к GP_KP2[GP]:  02 FE 2D 00 40 01 01 0E 6A 01 06 C4 01 06 CE 01 06 D8 01 06 ED 01 06 F7 01 06 74 01 06 7E 01 06 88 01 06 92 01 06 9C 01 06 A6 01 06 B0 01 06 BA 01 06
29.07.22, 12:28:18.018 Таймаут1 GP_KP2(2203)

29.07.22, 12:28:18.018 Запрос к GP_KP2[GP]:  02 FE 2D 00 40 01 01 0E 6A 01 06 C4 01 06 CE 01 06 D8 01 06 ED 01 06 F7 01 06 74 01 06 7E 01 06 88 01 06 92 01 06 9C 01 06 A6 01 06 B0 01 06 BA 01 06
29.07.22, 12:28:20.487 Таймаут2 GP_KP2(2469)

29.07.22, 12:28:20.487 Запрос к GP_KP2[GP]:  02 FE 2D 00 40 01 01 0E 6A 01 06 C4 01 06 CE 01 06 D8 01 06 ED 01 06 F7 01 06 74 01 06 7E 01 06 88 01 06 92 01 06 9C 01 06 A6 01 06 B0 01 06 BA 01 06
29.07.22, 12:28:22.612 Таймаут3 GP_KP2(2125)

29.07.22, 12:28:22.612 Запрос к GP_TI2[GP]:  02 FE 2D 00 40 01 01 0E 6A 01 07 C4 01 07 CE 01 07 D8 01 07 ED 01 07 F7 01 07 74 01 07 7E 01 07 88 01 07 92 01 07 9C 01 07 A6 01 07 B0 01 07 BA 01 07
