17.04.2010 16:08:26	Ошибка выхода за границы (Range check)
17.04.2010 16:08:40	Ошибка выхода за границы (Range check)
17.04.2010 21:25:20	"2/456" не является вещественным числом!
18.04.2010 18:12:08	Ошибка выхода за границы (Range check)
18.04.2010 18:12:17	Ошибка выхода за границы (Range check)
18.04.2010 18:12:22	Ошибка выхода за границы (Range check)
18.04.2010 19:26:17	Ошибка выхода за границы (Range check)
28.10.2010 22:10:04	Нарушение доступа по адресу 00435614 в модуле 'RemX.exe'. Чтение по адресу 0000002C
28.10.2010 22:10:18	Нарушение доступа по адресу 00435614 в модуле 'RemX.exe'. Чтение по адресу 0000002C
28.10.2010 22:10:39	Нарушение доступа по адресу 00435614 в модуле 'RemX.exe'. Чтение по адресу 0000002C
28.10.2010 22:11:20	Нарушение доступа по адресу 00435614 в модуле 'RemX.exe'. Чтение по адресу 0000002C
25.12.2010 12:03:53	Индекс Grid вышел за границы
25.12.2010 15:38:27	Нарушение доступа по адресу 005C0604 в модуле 'RemX.exe'. Чтение по адресу 00000408
17.12.2011 13:33:40	Значение вне допустимых границ (1..65535)!
16.04.2012 19:22:22	Индекс списка вышел за границы (6)
16.04.2012 19:43:18	Нарушение доступа по адресу 00404148 в модуле 'RemX.exe'. Чтение по адресу 1FFFFFFC
15.07.2012 14:51:32	Значение вне допустимых границ!
28.07.2014 14:51:28	Не могу запустить Excel
01.08.2014 19:41:57	Ошибка при вызове функции ОС
22.08.2014 13:46:51	Ошибка нити (трэда): Отказано в доступе (5)
22.08.2014 13:46:56	Нарушение доступа по адресу 0042089E в модуле 'RemX.exe'. Запись по адресу 00000000
22.08.2014 13:46:56	Нарушение доступа по адресу 004207EA в модуле 'RemX.exe'. Чтение по адресу FF000008
22.08.2014 13:46:56	Нарушение доступа по адресу 004207EA в модуле 'RemX.exe'. Чтение по адресу FF000008
22.08.2014 13:46:56	Нарушение доступа по адресу 004207EA в модуле 'RemX.exe'. Чтение по адресу FF000008
22.08.2014 13:46:56	Нарушение доступа по адресу 004207EA в модуле 'RemX.exe'. Чтение по адресу FF000008
22.08.2014 13:46:56	Нарушение доступа по адресу 004207EA в модуле 'RemX.exe'. Чтение по адресу FF000008
22.08.2014 13:46:57	Нарушение доступа по адресу 004207EA в модуле 'RemX.exe'. Чтение по адресу FF000008
22.08.2014 13:46:57	Нарушение доступа по адресу 004207EA в модуле 'RemX.exe'. Чтение по адресу FF000008
22.08.2014 13:46:57	Нарушение доступа по адресу 004207EA в модуле 'RemX.exe'. Чтение по адресу FF000008
22.08.2014 13:46:57	Нарушение доступа по адресу 004207EA в модуле 'RemX.exe'. Чтение по адресу FF000008
22.08.2014 13:46:57	Нарушение доступа по адресу 004207EA в модуле 'RemX.exe'. Чтение по адресу FF000008
22.08.2014 13:46:57	Нарушение доступа по адресу 004207EA в модуле 'RemX.exe'. Чтение по адресу FF000008
22.08.2014 13:46:57	Нарушение доступа по адресу 004207EA в модуле 'RemX.exe'. Чтение по адресу FF000008
22.08.2014 13:46:57	Нарушение доступа по адресу 004207EA в модуле 'RemX.exe'. Чтение по адресу FF000008
22.08.2014 13:46:57	Нарушение доступа по адресу 004207EA в модуле 'RemX.exe'. Чтение по адресу FF000008
22.08.2014 13:46:57	Нарушение доступа по адресу 004207EA в модуле 'RemX.exe'. Чтение по адресу FF000008
22.08.2014 13:46:57	Нарушение доступа по адресу 004207EA в модуле 'RemX.exe'. Чтение по адресу FF000008
22.08.2014 13:46:57	Нарушение доступа по адресу 004207EA в модуле 'RemX.exe'. Чтение по адресу FF000008
22.08.2014 13:46:57	Нарушение доступа по адресу 004207EA в модуле 'RemX.exe'. Чтение по адресу FF000008
22.08.2014 13:46:57	Нарушение доступа по адресу 004207EA в модуле 'RemX.exe'. Чтение по адресу FF000008
22.08.2014 13:46:57	Нарушение доступа по адресу 004207EA в модуле 'RemX.exe'. Чтение по адресу FF000008
22.08.2014 13:46:57	Нарушение доступа по адресу 004207EA в модуле 'RemX.exe'. Чтение по адресу FF000008
22.08.2014 13:46:58	Нарушение доступа по адресу 004207EA в модуле 'RemX.exe'. Чтение по адресу FF000008
22.08.2014 13:46:58	Нарушение доступа по адресу 004207EA в модуле 'RemX.exe'. Чтение по адресу FF000008
22.08.2014 13:46:58	Нарушение доступа по адресу 004207EA в модуле 'RemX.exe'. Чтение по адресу FF000008
22.08.2014 13:46:58	Нарушение доступа по адресу 004207EA в модуле 'RemX.exe'. Чтение по адресу FF000008
22.08.2014 13:46:58	Нарушение доступа по адресу 004207EA в модуле 'RemX.exe'. Чтение по адресу FF000008
22.08.2014 13:46:58	Нарушение доступа по адресу 004207EA в модуле 'RemX.exe'. Чтение по адресу FF000008
22.08.2014 13:46:58	Нарушение доступа по адресу 004207EA в модуле 'RemX.exe'. Чтение по адресу FF000008
22.08.2014 13:46:58	Нарушение доступа по адресу 004207EA в модуле 'RemX.exe'. Чтение по адресу FF000008
22.08.2014 13:46:58	Нарушение доступа по адресу 004207EA в модуле 'RemX.exe'. Чтение по адресу FF000008
22.08.2014 13:46:58	Нарушение доступа по адресу 004207EA в модуле 'RemX.exe'. Чтение по адресу FF000008
22.08.2014 13:46:58	Нарушение доступа по адресу 004207EA в модуле 'RemX.exe'. Чтение по адресу FF000008
22.08.2014 13:46:58	Нарушение доступа по адресу 004207EA в модуле 'RemX.exe'. Чтение по адресу FF000008
22.08.2014 13:46:58	Нарушение доступа по адресу 004207EA в модуле 'RemX.exe'. Чтение по адресу FF000008
22.08.2014 13:46:58	Нарушение доступа по адресу 004207EA в модуле 'RemX.exe'. Чтение по адресу FF000008
22.08.2014 13:46:58	Нарушение доступа по адресу 004207EA в модуле 'RemX.exe'. Чтение по адресу FF000008
22.08.2014 13:46:58	Нарушение доступа по адресу 004207EA в модуле 'RemX.exe'. Чтение по адресу FF000008
22.08.2014 13:46:59	Нарушение доступа по адресу 004207EA в модуле 'RemX.exe'. Чтение по адресу FF000008
22.08.2014 13:46:59	Нарушение доступа по адресу 004207EA в модуле 'RemX.exe'. Чтение по адресу FF000008
22.08.2014 13:46:59	Нарушение доступа по адресу 004207EA в модуле 'RemX.exe'. Чтение по адресу FF000008
22.08.2014 13:46:59	Нарушение доступа по адресу 004207EA в модуле 'RemX.exe'. Чтение по адресу FF000008
22.08.2014 13:46:59	Нарушение доступа по адресу 004207EA в модуле 'RemX.exe'. Чтение по адресу FF000008
22.08.2014 13:46:59	Нарушение доступа по адресу 004207EA в модуле 'RemX.exe'. Чтение по адресу FF000008
22.08.2014 13:46:59	Нарушение доступа по адресу 004207EA в модуле 'RemX.exe'. Чтение по адресу FF000008
22.08.2014 13:46:59	Нарушение доступа по адресу 004207EA в модуле 'RemX.exe'. Чтение по адресу FF000008
22.08.2014 13:46:59	Нарушение доступа по адресу 004207EA в модуле 'RemX.exe'. Чтение по адресу FF000008
22.08.2014 13:46:59	Нарушение доступа по адресу 004207EA в модуле 'RemX.exe'. Чтение по адресу FF000008
22.08.2014 13:46:59	Нарушение доступа по адресу 004207EA в модуле 'RemX.exe'. Чтение по адресу FF000008
22.08.2014 13:46:59	Нарушение доступа по адресу 004207EA в модуле 'RemX.exe'. Чтение по адресу FF000008
22.08.2014 13:46:59	Нарушение доступа по адресу 004207EA в модуле 'RemX.exe'. Чтение по адресу FF000008
22.08.2014 13:46:59	Нарушение доступа по адресу 004207EA в модуле 'RemX.exe'. Чтение по адресу FF000008
22.08.2014 13:46:59	Нарушение доступа по адресу 004207EA в модуле 'RemX.exe'. Чтение по адресу FF000008
22.08.2014 13:46:59	Нарушение доступа по адресу 004207EA в модуле 'RemX.exe'. Чтение по адресу FF000008
22.08.2014 13:47:00	Нарушение доступа по адресу 004207EA в модуле 'RemX.exe'. Чтение по адресу FF000008
22.08.2014 13:47:00	Нарушение доступа по адресу 004207EA в модуле 'RemX.exe'. Чтение по адресу FF000008
22.08.2014 13:47:00	Нарушение доступа по адресу 004207EA в модуле 'RemX.exe'. Чтение по адресу FF000008
22.08.2014 13:47:00	Нарушение доступа по адресу 004207EA в модуле 'RemX.exe'. Чтение по адресу FF000008
22.08.2014 13:47:00	Нарушение доступа по адресу 004207EA в модуле 'RemX.exe'. Чтение по адресу FF000008
22.08.2014 13:47:00	Нарушение доступа по адресу 004207EA в модуле 'RemX.exe'. Чтение по адресу FF000008
22.08.2014 13:47:00	Нарушение доступа по адресу 004207EA в модуле 'RemX.exe'. Чтение по адресу FF000008
22.08.2014 13:47:00	Нарушение доступа по адресу 004207EA в модуле 'RemX.exe'. Чтение по адресу FF000008
22.08.2014 13:47:00	Нарушение доступа по адресу 004207EA в модуле 'RemX.exe'. Чтение по адресу FF000008
22.08.2014 13:47:00	Нарушение доступа по адресу 004207EA в модуле 'RemX.exe'. Чтение по адресу FF000008
22.08.2014 13:47:00	Нарушение доступа по адресу 004207EA в модуле 'RemX.exe'. Чтение по адресу FF000008
22.08.2014 13:47:00	Нарушение доступа по адресу 004207EA в модуле 'RemX.exe'. Чтение по адресу FF000008
22.08.2014 13:47:00	Нарушение доступа по адресу 004207EA в модуле 'RemX.exe'. Чтение по адресу FF000008
22.08.2014 13:47:00	Нарушение доступа по адресу 004207EA в модуле 'RemX.exe'. Чтение по адресу FF000008
22.08.2014 13:47:00	Нарушение доступа по адресу 004207EA в модуле 'RemX.exe'. Чтение по адресу FF000008
22.08.2014 13:47:00	Нарушение доступа по адресу 004207EA в модуле 'RemX.exe'. Чтение по адресу FF000008
22.08.2014 13:47:01	Нарушение доступа по адресу 004207EA в модуле 'RemX.exe'. Чтение по адресу FF000008
22.08.2014 13:47:01	Нарушение доступа по адресу 004207EA в модуле 'RemX.exe'. Чтение по адресу FF000008
22.08.2014 13:47:01	Нарушение доступа по адресу 004207EA в модуле 'RemX.exe'. Чтение по адресу FF000008
22.08.2014 13:47:01	Нарушение доступа по адресу 004207EA в модуле 'RemX.exe'. Чтение по адресу FF000008
22.08.2014 13:47:01	Нарушение доступа по адресу 004207EA в модуле 'RemX.exe'. Чтение по адресу FF000008
22.08.2014 13:47:01	Нарушение доступа по адресу 004207EA в модуле 'RemX.exe'. Чтение по адресу FF000008
22.08.2014 13:47:01	Нарушение доступа по адресу 004207EA в модуле 'RemX.exe'. Чтение по адресу FF000008
22.08.2014 13:47:01	Нарушение доступа по адресу 004207EA в модуле 'RemX.exe'. Чтение по адресу FF000008
22.08.2014 13:47:01	Нарушение доступа по адресу 004207EA в модуле 'RemX.exe'. Чтение по адресу FF000008
22.08.2014 13:47:01	Нарушение доступа по адресу 004207EA в модуле 'RemX.exe'. Чтение по адресу FF000008
22.08.2014 13:47:01	Нарушение доступа по адресу 004207EA в модуле 'RemX.exe'. Чтение по адресу FF000008
22.08.2014 13:47:01	Нарушение доступа по адресу 004207EA в модуле 'RemX.exe'. Чтение по адресу FF000008
22.08.2014 13:47:01	Нарушение доступа по адресу 004207EA в модуле 'RemX.exe'. Чтение по адресу FF000008
22.08.2014 13:47:01	Нарушение доступа по адресу 004207EA в модуле 'RemX.exe'. Чтение по адресу FF000008
22.08.2014 13:47:01	Нарушение доступа по адресу 004207EA в модуле 'RemX.exe'. Чтение по адресу FF000008
22.08.2014 13:47:01	Нарушение доступа по адресу 004207EA в модуле 'RemX.exe'. Чтение по адресу FF000008
22.08.2014 13:47:02	Нарушение доступа по адресу 004207EA в модуле 'RemX.exe'. Чтение по адресу FF000008
22.08.2014 13:47:02	Нарушение доступа по адресу 004207EA в модуле 'RemX.exe'. Чтение по адресу FF000008
22.08.2014 13:47:02	Нарушение доступа по адресу 004207EA в модуле 'RemX.exe'. Чтение по адресу FF000008
22.08.2014 13:47:02	Нарушение доступа по адресу 004207EA в модуле 'RemX.exe'. Чтение по адресу FF000008
22.08.2014 13:47:02	Нарушение доступа по адресу 004207EA в модуле 'RemX.exe'. Чтение по адресу FF000008
22.08.2014 13:47:02	Нарушение доступа по адресу 004207EA в модуле 'RemX.exe'. Чтение по адресу FF000008
22.08.2014 13:47:02	Нарушение доступа по адресу 004207EA в модуле 'RemX.exe'. Чтение по адресу FF000008
22.08.2014 13:47:02	Нарушение доступа по адресу 004207EA в модуле 'RemX.exe'. Чтение по адресу FF000008
22.08.2014 13:47:02	Нарушение доступа по адресу 004207EA в модуле 'RemX.exe'. Чтение по адресу FF000008
22.08.2014 13:47:02	Нарушение доступа по адресу 004207EA в модуле 'RemX.exe'. Чтение по адресу FF000008
22.08.2014 13:47:02	Нарушение доступа по адресу 004207EA в модуле 'RemX.exe'. Чтение по адресу FF000008
22.08.2014 13:47:02	Нарушение доступа по адресу 004207EA в модуле 'RemX.exe'. Чтение по адресу FF000008
22.08.2014 13:47:02	Нарушение доступа по адресу 004207EA в модуле 'RemX.exe'. Чтение по адресу FF000008
22.08.2014 13:47:02	Нарушение доступа по адресу 004207EA в модуле 'RemX.exe'. Чтение по адресу FF000008
22.08.2014 13:47:02	Нарушение доступа по адресу 004207EA в модуле 'RemX.exe'. Чтение по адресу FF000008
22.08.2014 13:47:02	Нарушение доступа по адресу 004207EA в модуле 'RemX.exe'. Чтение по адресу FF000008
17.03.2015 12:58:27	Ошибка установки пути: "E:\Work\RemX75\Data\Reports"
17.03.2015 13:05:27	Ошибка установки пути: "E:\Work\RemX75\Data\Reports"
10.03.2016 20:03:46	Ошибка ввода/вывода 103
19.07.2016 10:04:08	Ошибка ввода/вывода 103
19.07.2016 10:04:40	Ошибка ввода/вывода 103
19.07.2016 10:05:08	Ошибка ввода/вывода 103
19.07.2016 10:05:48	Ошибка ввода/вывода 103
28.12.2016 16:34:54	Нарушение доступа по адресу 6E6F706D. Чтение по адресу 6E6F706D
28.12.2016 16:52:45	Неверная операция с указателем
28.12.2016 17:06:14	Неверная операция с указателем
